TN:
SF:src\pipeline.js
FN:5,calculateDiscount
FN:9,calculateTotal
FN:10,(anonymous_2)
FN:13,calculateAverage
FN:21,isBulkOrder
FNF:5
FNH:0
FNDA:0,calculateDiscount
FNDA:0,calculateTotal
FNDA:0,(anonymous_2)
FNDA:0,calculateAverage
FNDA:0,isBulkOrder
DA:6,0
DA:10,0
DA:14,0
DA:15,0
DA:18,0
DA:22,0
DA:23,0
DA:26,0
LF:8
LH:0
BRDA:14,0,0,0
BRDA:14,0,1,0
BRF:2
BRH:0
end_of_record
TN:
SF:src\utils.js
FN:5,add
FN:9,subtract
FN:13,multiply
FN:17,divide
FN:25,isEven
FNF:5
FNH:5
FNDA:3,add
FNDA:2,subtract
FNDA:2,multiply
FNDA:2,divide
FNDA:3,isEven
DA:6,3
DA:10,2
DA:14,2
DA:18,2
DA:19,1
DA:22,1
DA:26,3
DA:29,1
LF:8
LH:8
BRDA:18,0,0,1
BRDA:18,0,1,1
BRF:2
BRH:2
end_of_record
